#
# A fatal error has been detected by the Java Runtime Environment:
#
#  EXCEPTION_ILLEGAL_INSTRUCTION (0xc000001d) at pc=0x00000168cc99e0af, pid=1712, tid=8124
#
# JRE version: OpenJDK Runtime Environment (17.0.1+12) (build 17.0.1+12-39)
# Java VM: OpenJDK 64-Bit Server VM (17.0.1+12-39, mixed mode, sharing, tiered, compressed oops, compressed class ptrs, g1 gc, windows-amd64)
# Problematic frame:
# J 104 c1 java.util.HashMap$HashIterator.<init>(Ljava/util/HashMap;)V java.base@17.0.1 (79 bytes) @ 0x00000168cc99e0af [0x00000168cc99df40+0x000000000000016f]
#
# No core dump will be written. Minidumps are not enabled by default on client versions of Windows
#
# If you would like to submit a bug report, please visit:
#   https://bugreport.java.com/bugreport/crash.jsp
#

---------------  S U M M A R Y ------------

Command Line: -javaagent:C:\Program Files\JetBrains\IntelliJ IDEA 2020.3.4\lib\idea_rt.jar=50867:C:\Program Files\JetBrains\IntelliJ IDEA 2020.3.4\bin -Dfile.encoding=UTF-8 JSONModifier

Host: AMD FX(tm)-8350 Eight-Core Processor           , 8 cores, 15G,  Windows 10 , 64 bit Build 19041 (10.0.19041.1741)
Time: Sat Jun 18 06:01:11 2022 Mitteleuropäische Sommerzeit   elapsed time: 0.116019 seconds (0d 0h 0m 0s)

---------------  T H R E A D  ---------------

Current thread (0x00000168c4bde470):  JavaThread "main" [_thread_in_Java, id=8124, stack(0x0000004fe1a00000,0x0000004fe1b00000)]

Stack: [0x0000004fe1a00000,0x0000004fe1b00000],  sp=0x0000004fe1afd090,  free space=1012k
Native frames: (J=compiled Java code, j=interpreted, Vv=VM code, C=native code)
C  0x00000168cc99e0af


siginfo: EXCEPTION_ILLEGAL_INSTRUCTION (0xc000001d)


Register to memory mapping:

RIP=0x00000168cc99e0af is at entry_point+367 in (nmethod*)0x00000168cc99dd90
RAX=0x00000000000000a3 is an unknown value
RBX=0x0000000000000150 is an unknown value
RCX=0x0000000711224dd0 is an oop: java.util.HashMap$EntryIterator 
{0x0000000711224dd0} - klass: 'java/util/HashMap$EntryIterator'
 - ---- fields (total size 5 words):
 - 'expectedModCount' 'I' @12  26 (1a)
 - 'index' 'I' @16  0
 - 'next' 'Ljava/util/HashMap$Node;' @20  NULL (0)
 - 'current' 'Ljava/util/HashMap$Node;' @24  NULL (0)
 - final synthetic 'this$0' 'Ljava/util/HashMap;' @28  a 'java/util/HashMap'{0x0000000711224630} (e22448c6)
 - final synthetic 'this$0' 'Ljava/util/HashMap;' @32  a 'java/util/HashMap'{0x0000000711224630} (e22448c6)
RDX=0x0000000711224dd0 is an oop: java.util.HashMap$EntryIterator 
{0x0000000711224dd0} - klass: 'java/util/HashMap$EntryIterator'
 - ---- fields (total size 5 words):
 - 'expectedModCount' 'I' @12  26 (1a)
 - 'index' 'I' @16  0
 - 'next' 'Ljava/util/HashMap$Node;' @20  NULL (0)
 - 'current' 'Ljava/util/HashMap$Node;' @24  NULL (0)
 - final synthetic 'this$0' 'Ljava/util/HashMap;' @28  a 'java/util/HashMap'{0x0000000711224630} (e22448c6)
 - final synthetic 'this$0' 'Ljava/util/HashMap;' @32  a 'java/util/HashMap'{0x0000000711224630} (e22448c6)
RSP=0x0000004fe1afd090 is pointing into the stack for thread: 0x00000168c4bde470
RBP=0x0000004fe1afd158 is pointing into the stack for thread: 0x00000168c4bde470
RSI=0x0000000711224660 is an oop: [Ljava.util.HashMap$Node; 
{0x0000000711224660} - klass: 'java/util/HashMap$Node'[]
 - length: 64
RDI=0x00000168e7c2e830 is pointing into metadata
R8 =0x0000000711224630 is an oop: java.util.HashMap 
{0x0000000711224630} - klass: 'java/util/HashMap'
 - ---- fields (total size 6 words):
 - transient 'keySet' 'Ljava/util/Set;' @12  NULL (0)
 - transient 'values' 'Ljava/util/Collection;' @16  NULL (0)
 - transient 'size' 'I' @20  26 (1a)
 - transient 'modCount' 'I' @24  26 (1a)
 - 'threshold' 'I' @28  48 (30)
 - final 'loadFactor' 'F' @32  0.750000 (3f400000)
 - transient 'table' '[Ljava/util/HashMap$Node;' @36  a 'java/util/HashMap$Node'[64] {0x0000000711224660} (e22448cc)
 - transient 'entrySet' 'Ljava/util/Set;' @40  a 'java/util/HashMap$EntrySet'{0x0000000711224d38} (e22449a7)
R9 =0x0000000711224d38 is an oop: java.util.HashMap$EntrySet 
{0x0000000711224d38} - klass: 'java/util/HashMap$EntrySet'
 - ---- fields (total size 2 words):
 - final synthetic 'this$0' 'Ljava/util/HashMap;' @12  a 'java/util/HashMap'{0x0000000711224630} (e22448c6)
R10=3794028742 is a compressed pointer to object: java.util.HashMap 
{0x0000000711224630} - klass: 'java/util/HashMap'
 - ---- fields (total size 6 words):
 - transient 'keySet' 'Ljava/util/Set;' @12  NULL (0)
 - transient 'values' 'Ljava/util/Collection;' @16  NULL (0)
 - transient 'size' 'I' @20  26 (1a)
 - transient 'modCount' 'I' @24  26 (1a)
 - 'threshold' 'I' @28  48 (30)
 - final 'loadFactor' 'F' @32  0.750000 (3f400000)
 - transient 'table' '[Ljava/util/HashMap$Node;' @36  a 'java/util/HashMap$Node'[64] {0x0000000711224660} (e22448cc)
 - transient 'entrySet' 'Ljava/util/Set;' @40  a 'java/util/HashMap$EntrySet'{0x0000000711224d38} (e22449a7)
R11=0x00000168cc99df60 is at entry_point+32 in (nmethod*)0x00000168cc99dd90
R12=0x0 is NULL
R13=0x0000004fe1afd100 is pointing into the stack for thread: 0x00000168c4bde470
R14=0x0000004fe1afd170 is pointing into the stack for thread: 0x00000168c4bde470
R15=0x00000168c4bde470 is a thread


Registers:
RAX=0x00000000000000a3, RBX=0x0000000000000150, RCX=0x0000000711224dd0, RDX=0x0000000711224dd0
RSP=0x0000004fe1afd090, RBP=0x0000004fe1afd158, RSI=0x0000000711224660, RDI=0x00000168e7c2e830
R8 =0x0000000711224630, R9 =0x0000000711224d38, R10=0x00000000e22448c6, R11=0x00000168cc99df60
R12=0x0000000000000000, R13=0x0000004fe1afd100, R14=0x0000004fe1afd170, R15=0x00000168c4bde470
RIP=0x00000168cc99e0af, EFLAGS=0x0000000000010202

Top of Stack: (sp=0x0000004fe1afd090)
0x0000004fe1afd090:   00000168c4bde470 0000004fe1afd130
0x0000004fe1afd0a0:   0000000800a6df8a 00007ffa5362af01
0x0000004fe1afd0b0:   0000000000000000 0000004fe1afd200
0x0000004fe1afd0c0:   00000168c4bde470 00000168cc3edb03
0x0000004fe1afd0d0:   00000168c4bde470 00007ffa53b7c9d6
0x0000004fe1afd0e0:   0000004fe1afd158 00000168cc3e94fe
0x0000004fe1afd0f0:   0000000000000000 00000168cc3e94fe
0x0000004fe1afd100:   0000000711224630 0000000711224dd0
0x0000004fe1afd110:   0000004fe1afd110 0000000800ae3a3f
0x0000004fe1afd120:   0000004fe1afd170 00000008003e87b0
0x0000004fe1afd130:   0000000000000000 0000000711412c98
0x0000004fe1afd140:   00000008003e8890 0000004fe1afd100
0x0000004fe1afd150:   0000004fe1afd168 0000004fe1afd1c8
0x0000004fe1afd160:   00000168cc3e94fe 0000000711224630
0x0000004fe1afd170:   0000000711224dd0 0000000711224dd0
0x0000004fe1afd180:   0000004fe1afd180 00000008007bc5f8 

Instructions: (pc=0x00000168cc99e0af)
0x00000168cc99dfaf:   f2 49 33 f0 48 c1 ee 15 48 83 fe 00 0f 85 66 02
0x00000168cc99dfbf:   00 00 48 8b f2 48 bf 30 e8 c2 e7 68 01 00 00 48
0x00000168cc99dfcf:   83 87 10 01 00 00 01 48 be 40 a0 c0 e7 68 01 00
0x00000168cc99dfdf:   00 8b be cc 00 00 00 83 c7 02 89 be cc 00 00 00
0x00000168cc99dfef:   81 e7 fe ff 1f 00 83 ff 00 0f 84 41 02 00 00 41
0x00000168cc99dfff:   8b 70 18 89 72 0c 41 8b 70 24 48 c1 e6 03 41 0f
0x00000168cc99e00f:   be 7f 38 83 ff 00 0f 85 4a 02 00 00 c7 42 14 00
0x00000168cc99e01f:   00 00 00 41 0f be 7f 38 83 ff 00 0f 85 54 02 00
0x00000168cc99e02f:   00 c7 42 18 00 00 00 00 c7 42 10 00 00 00 00 48
0x00000168cc99e03f:   83 fe 00 48 bf 30 e8 c2 e7 68 01 00 00 48 bb 20
0x00000168cc99e04f:   01 00 00 00 00 00 00 0f 84 0a 00 00 00 48 bb 30
0x00000168cc99e05f:   01 00 00 00 00 00 00 48 8b 04 1f 48 8d 40 01 48
0x00000168cc99e06f:   89 04 1f 0f 84 5c 01 00 00 41 8b 78 14 83 ff 00
0x00000168cc99e07f:   48 bf 30 e8 c2 e7 68 01 00 00 48 bb 40 01 00 00
0x00000168cc99e08f:   00 00 00 00 0f 8e 0a 00 00 00 48 bb 50 01 00 00
0x00000168cc99e09f:   00 00 00 00 48 8b 04 1f 48 8d 40 01 48 89 04 1f
0x00000168cc99e0af:   0e 8e 1f 01 00 00 e9 dc 00 00 00 66 0f 1f 44 00
0x00000168cc99e0bf:   00 48 8b df ff c3 89 5a 10 3b 7e 0c 0f 83 d2 01
0x00000168cc99e0cf:   00 00 48 63 ff 8b 7c be 10 48 c1 e7 03 41 0f be
0x00000168cc99e0df:   5f 38 83 fb 00 0f 85 c7 01 00 00 4c 8b d7 49 c1
0x00000168cc99e0ef:   ea 03 44 89 52 14 48 8b da 48 33 df 48 c1 eb 15
0x00000168cc99e0ff:   48 83 fb 00 0f 85 c7 01 00 00 48 83 ff 00 bb 02
0x00000168cc99e10f:   00 00 00 0f 84 05 00 00 00 bb 00 00 00 00 48 b8
0x00000168cc99e11f:   30 e8 c2 e7 68 01 00 00 8b 88 d0 00 00 00 03 cb
0x00000168cc99e12f:   89 88 d0 00 00 00 83 fb 00 0f 85 05 00 00 00 b9
0x00000168cc99e13f:   02 00 00 00 81 e1 fe 3f 00 00 83 f9 00 0f 84 96
0x00000168cc99e14f:   01 00 00 4d 8b 97 48 03 00 00 41 85 02 48 83 ff
0x00000168cc99e15f:   00 48 bf 30 e8 c2 e7 68 01 00 00 48 bb 90 01 00
0x00000168cc99e16f:   00 00 00 00 00 0f 85 0a 00 00 00 48 bb 80 01 00
0x00000168cc99e17f:   00 00 00 00 00 48 8b 04 1f 48 8d 40 01 48 89 04
0x00000168cc99e18f:   1f 0f 85 3e 00 00 00 8b 7a 10 8b 5e 0c 3b fb 48
0x00000168cc99e19f:   bb 30 e8 c2 e7 68 01 00 00 48 b8 70 01 00 00 00 


Stack slot to memory mapping:
stack at sp + 0 slots: 0x00000168c4bde470 is a thread
stack at sp + 1 slots: 0x0000004fe1afd130 is pointing into the stack for thread: 0x00000168c4bde470
stack at sp + 2 slots: 0x0000000800a6df8a is pointing into metadata
stack at sp + 3 slots: 0x00007ffa5362af01 jvm.dll
stack at sp + 4 slots: 0x0 is NULL
stack at sp + 5 slots: 0x0000004fe1afd200 is pointing into the stack for thread: 0x00000168c4bde470
stack at sp + 6 slots: 0x00000168c4bde470 is a thread
stack at sp + 7 slots: 0x00000168cc3edb03 is at code_begin+2243 in an Interpreter codelet
method entry point (kind = native)  [0x00000168cc3ed240, 0x00000168cc3edbc0]  2432 bytes

--------------------------------------------------------------------------------
[Constant Pool (empty)]

--------------------------------------------------------------------------------

[MachCode]
  0x00000168cc99df40: 448b 5208 | 49bb 0000 | 0000 0800 | 0000 4d03 | d34c 3bd0 | 0f85 26eb | a8ff 660f | 1f44 0000 
  0x00000168cc99df60: 8984 2400 | 90ff ff55 | 4883 ec50 | 48be 30e8 | c2e7 6801 | 0000 8bbe | cc00 0000 | 83c7 0289 
  0x00000168cc99df80: becc 0000 | 0081 e7fe | 0700 0083 | ff00 0f84 | 5302 0000 | 410f be77 | 3883 fe00 | 0f85 6602 
  0x00000168cc99dfa0: 0000 4d8b | d049 c1ea | 0344 8952 | 1c48 8bf2 | 4933 f048 | c1ee 1548 | 83fe 000f | 8566 0200 
  0x00000168cc99dfc0: 0048 8bf2 | 48bf 30e8 | c2e7 6801 | 0000 4883 | 8710 0100 | 0001 48be | 40a0 c0e7 | 6801 0000 
  0x00000168cc99dfe0: 8bbe cc00 | 0000 83c7 | 0289 becc | 0000 0081 | e7fe ff1f | 0083 ff00 | 0f84 4102 | 0000 418b 
  0x00000168cc99e000: 7018 8972 | 0c41 8b70 | 2448 c1e6 | 0341 0fbe | 7f38 83ff | 000f 854a | 0200 00c7 | 4214 0000 
  0x00000168cc99e020: 0000 410f | be7f 3883 | ff00 0f85 | 5402 0000 | c742 1800 | 0000 00c7 | 4210 0000 | 0000 4883 
  0x00000168cc99e040: fe00 48bf | 30e8 c2e7 | 6801 0000 | 48bb 2001 | 0000 0000 | 0000 0f84 | 0a00 0000 | 48bb 3001 
  0x00000168cc99e060: 0000 0000 | 0000 488b | 041f 488d | 4001 4889 | 041f 0f84 | 5c01 0000 | 418b 7814 | 83ff 0048 
  0x00000168cc99e080: bf30 e8c2 | e768 0100 | 0048 bb40 | 0100 0000 | 0000 000f | 8e0a 0000 | 0048 bb50 | 0100 0000 
  0x00000168cc99e0a0: 0000 0048 | 8b04 1f48 | 8d40 0148 | 8904 1f0e | 8e1f 0100 | 00e9 dc00 | 0000 660f | 1f44 0000 
  0x00000168cc99e0c0: 488b dfff | c389 5a10 | 3b7e 0c0f | 83d2 0100 | 0048 63ff | 8b7c be10 | 48c1 e703 | 410f be5f 
  0x00000168cc99e0e0: 3883 fb00 | 0f85 c701 | 0000 4c8b | d749 c1ea | 0344 8952 | 1448 8bda | 4833 df48 | c1eb 1548 
  0x00000168cc99e100: 83fb 000f | 85c7 0100 | 0048 83ff | 00bb 0200 | 0000 0f84 | 0500 0000 | bb00 0000 | 0048 b830 
  0x00000168cc99e120: e8c2 e768 | 0100 008b | 88d0 0000 | 0003 cb89 | 88d0 0000 | 0083 fb00 | 0f85 0500 | 0000 b902 
  0x00000168cc99e140: 0000 0081 | e1fe 3f00 | 0083 f900 | 0f84 9601 | 0000 4d8b | 9748 0300 | 0041 8502 | 4883 ff00 
  0x00000168cc99e160: 48bf 30e8 | c2e7 6801 | 0000 48bb | 9001 0000 | 0000 0000 | 0f85 0a00 | 0000 48bb | 8001 0000 
  0x00000168cc99e180: 0000 0000 | 488b 041f | 488d 4001 | 4889 041f | 0f85 3e00 | 0000 8b7a | 108b 5e0c | 3bfb 48bb 
  0x00000168cc99e1a0: 30e8 c2e7 | 6801 0000 | 48b8 7001 | 0000 0000 | 0000 0f8c | 0a00 0000 | 48b8 6001 | 0000 0000 
  0x00000168cc99e1c0: 0000 488b | 0c03 488d | 4901 4889 | 0c03 0f8c | ecfe ffff | 4883 c450 | 5d49 3ba7 | 4003 0000 
  0x00000168cc99e1e0: 0f87 2801 | 0000 c349 | ba40 893e | 0008 0000 | 004c 8954 | 2408 48c7 | 0424 ffff | ffff e8fd 
  0x00000168cc99e200: afb3 ffe9 | 8cfd ffff | 8b72 1c48 | c1e6 0348 | 83fe 000f | 8489 fdff | ff48 8934 | 24e8 deb8 
  0x00000168cc99e220: b3ff e97b | fdff ff49 | 83f8 000f | 8490 fdff | ff48 8914 | 24e8 c6bb | b3ff e982 | fdff ff49 
  0x00000168cc99e240: ba60 c242 | 0008 0000 | 004c 8954 | 2408 48c7 | 0424 ffff | ffff e8a5 | afb3 ffe9 | 9efd ffff 
  0x00000168cc99e260: e8bb 58b3 | ff8b 7a14 | 48c1 e703 | 4883 ff00 | 0f84 a5fd | ffff 4889 | 3c24 e881 | b8b3 ffe9 
  0x00000168cc99e280: 97fd ffff | 8b7a 1848 | c1e7 0348 | 83ff 000f | 849b fdff | ff48 893c | 24e8 62b8 | b3ff e98d 
  0x00000168cc99e2a0: fdff ff48 | 893c 2448 | 8974 2408 | e86f 4fb3 | ff8b 5a14 | 48c1 e303 | 4883 fb00 | 0f84 28fe 
  0x00000168cc99e2c0: ffff 4889 | 1c24 e835 | b8b3 ffe9 | 1afe ffff | 4883 ff00 | 0f84 2ffe | ffff 4889 | 1424 e81d 
  0x00000168cc99e2e0: bbb3 ffe9 | 21fe ffff | 49ba 4089 | 3e00 0800 | 0000 4c89 | 5424 0848 | c704 244b | 0000 00e8 
  0x00000168cc99e300: fcae b3ff | e949 feff | ffe8 1258 | b3ff 49ba | d9e1 99cc | 6801 0000 | 4d89 9758 | 0300 00e9 
  0x00000168cc99e320: 5c4c a9ff | 9090 498b | 87d0 0300 | 0049 c787 | d003 0000 | 0000 0000 | 49c7 87d8 | 0300 0000 
  0x00000168cc99e340: 0000 0048 | 83c4 505d | e9b3 48b3 | fff4 f4f4 | f4f4 f4f4 | f4f4 f4f4 | f4f4 f4f4 | f4f4 f4f4 
  0x00000168cc99e360: e89b 78b3 | ff48 b978 | 2ecb 53fa | 7f00 0048 | 83e4 f049 | bae0 5899 | 53fa 7f00 | 0041 ffd2 
  0x00000168cc99e380: f449 ba81 | e399 cc68 | 0100 0041 | 52e9 0e43 | a9ff f4f4 | f4f4 f4f4 
[/MachCode]
--------------------------------------------------------------------------------


---------------  P R O C E S S  ---------------

Threads class SMR info:
_java_thread_list=0x00000168e84c5380, length=11, elements={
0x00000168c4bde470, 0x00000168e7894f40, 0x00000168e7897cd0, 0x00000168e78a8bf0,
0x00000168e78ab4c0, 0x00000168e78abd80, 0x00000168e78ada50, 0x00000168e78b0ad0,
0x00000168e78b0fe0, 0x00000168e78b20c0, 0x00000168e787fca0
}

Java Threads: ( => current thread )
=>0x00000168c4bde470 JavaThread "main" [_thread_in_Java, id=8124, stack(0x0000004fe1a00000,0x0000004fe1b00000)]
  0x00000168e7894f40 JavaThread "Reference Handler" daemon [_thread_blocked, id=3412, stack(0x0000004fe2100000,0x0000004fe2200000)]
  0x00000168e7897cd0 JavaThread "Finalizer" daemon [_thread_blocked, id=9920, stack(0x0000004fe2200000,0x0000004fe2300000)]
  0x00000168e78a8bf0 JavaThread "Signal Dispatcher" daemon [_thread_blocked, id=7604, stack(0x0000004fe2300000,0x0000004fe2400000)]
  0x00000168e78ab4c0 JavaThread "Attach Listener" daemon [_thread_blocked, id=3492, stack(0x0000004fe2400000,0x0000004fe2500000)]
  0x00000168e78abd80 JavaThread "Service Thread" daemon [_thread_blocked, id=2884, stack(0x0000004fe2500000,0x0000004fe2600000)]
  0x00000168e78ada50 JavaThread "Monitor Deflation Thread" daemon [_thread_blocked, id=4512, stack(0x0000004fe2600000,0x0000004fe2700000)]
  0x00000168e78b0ad0 JavaThread "C2 CompilerThread0" daemon [_thread_blocked, id=4352, stack(0x0000004fe2700000,0x0000004fe2800000)]
  0x00000168e78b0fe0 JavaThread "C1 CompilerThread0" daemon [_thread_blocked, id=5508, stack(0x0000004fe2800000,0x0000004fe2900000)]
  0x00000168e78b20c0 JavaThread "Sweeper thread" daemon [_thread_blocked, id=1340, stack(0x0000004fe2900000,0x0000004fe2a00000)]
  0x00000168e787fca0 JavaThread "Common-Cleaner" daemon [_thread_blocked, id=8160, stack(0x0000004fe2a00000,0x0000004fe2b00000)]

Other Threads:
  0x00000168e7890b80 VMThread "VM Thread" [stack: 0x0000004fe2000000,0x0000004fe2100000] [id=7408]
  0x00000168c4c2ef20 GCTaskThread "GC Thread#0" [stack: 0x0000004fe1b00000,0x0000004fe1c00000] [id=11792]
  0x00000168c4c3fc00 ConcurrentGCThread "G1 Main Marker" [stack: 0x0000004fe1c00000,0x0000004fe1d00000] [id=32]
  0x00000168c4c42470 ConcurrentGCThread "G1 Conc#0" [stack: 0x0000004fe1d00000,0x0000004fe1e00000] [id=9548]
  0x00000168c4cb6810 ConcurrentGCThread "G1 Refine#0" [stack: 0x0000004fe1e00000,0x0000004fe1f00000] [id=3484]
  0x00000168e7752720 ConcurrentGCThread "G1 Service" [stack: 0x0000004fe1f00000,0x0000004fe2000000] [id=6668]

Threads with active compile tasks:

VM state: not at safepoint (normal execution)

VM Mutex/Monitor currently owned by a thread: None

Heap address: 0x0000000701600000, size: 4074 MB, Compressed Oops mode: Zero based, Oop shift amount: 3

CDS archive(s) mapped at: [0x0000000800000000-0x0000000800bc0000-0x0000000800bc0000), size 12320768, SharedBaseAddress: 0x0000000800000000, ArchiveRelocationMode: 0.
Compressed class space mapped at: 0x0000000800c00000-0x0000000840c00000, reserved size: 1073741824
Narrow klass base: 0x0000000800000000, Narrow klass shift: 0, Narrow klass range: 0x100000000

GC Precious Log:
 CPUs: 8 total, 8 available
 Memory: 16289M
 Large Page Support: Disabled
 NUMA Support: Disabled
 Compressed Oops: Enabled (Zero based)
 Heap Region Size: 2M
 Heap Min Capacity: 8M
 Heap Initial Capacity: 256M
 Heap Max Capacity: 4074M
 Pre-touch: Disabled
 Parallel Workers: 8
 Concurrent Workers: 2
 Concurrent Refinement Workers: 8
 Periodic GC: Disabled

Heap:
 garbage-first heap   total 262144K, used 2048K [0x0000000701600000, 0x0000000800000000)
  region size 2048K, 2 young (4096K), 0 survivors (0K)
 Metaspace       used 323K, committed 512K, reserved 1056768K
  class space    used 13K, committed 128K, reserved 1048576K

Heap Regions: E=young(eden), S=young(survivor), O=old, HS=humongous(starts), HC=humongous(continues), CS=collection set, F=free, OA=open archive, CA=closed archive, TAMS=top-at-mark-start (previous, next)
|   0|0x0000000701600000, 0x0000000701600000, 0x0000000701800000|  0%| F|  |TAMS 0x0000000701600000, 0x0000000701600000| Untracked 
|   1|0x0000000701800000, 0x0000000701800000, 0x0000000701a00000|  0%| F|  |TAMS 0x0000000701800000, 0x0000000701800000| Untracked 
|   2|0x0000000701a00000, 0x0000000701a00000, 0x0000000701c00000|  0%| F|  |TAMS 0x0000000701a00000, 0x0000000701a00000| Untracked 
|   3|0x0000000701c00000, 0x0000000701c00000, 0x0000000701e00000|  0%| F|  |TAMS 0x0000000701c00000, 0x0000000701c00000| Untracked 
|   4|0x0000000701e00000, 0x0000000701e00000, 0x0000000702000000|  0%| F|  |TAMS 0x0000000701e00000, 0x0000000701e00000| Untracked 
|   5|0x0000000702000000, 0x0000000702000000, 0x0000000702200000|  0%| F|  |TAMS 0x0000000702000000, 0x0000000702000000| Untracked 
|   6|0x0000000702200000, 0x0000000702200000, 0x0000000702400000|  0%| F|  |TAMS 0x0000000702200000, 0x0000000702200000| Untracked 
|   7|0x0000000702400000, 0x0000000702400000, 0x0000000702600000|  0%| F|  |TAMS 0x0000000702400000, 0x0000000702400000| Untracked 
|   8|0x0000000702600000, 0x0000000702600000, 0x0000000702800000|  0%| F|  |TAMS 0x0000000702600000, 0x0000000702600000| Untracked 
|   9|0x0000000702800000, 0x0000000702800000, 0x0000000702a00000|  0%| F|  |TAMS 0x0000000702800000, 0x0000000702800000| Untracked 
|  10|0x0000000702a00000, 0x0000000702a00000, 0x0000000702c00000|  0%| F|  |TAMS 0x0000000702a00000, 0x0000000702a00000| Untracked 
|  11|0x0000000702c00000, 0x0000000702c00000, 0x0000000702e00000|  0%| F|  |TAMS 0x0000000702c00000, 0x0000000702c00000| Untracked 
|  12|0x0000000702e00000, 0x0000000702e00000, 0x0000000703000000|  0%| F|  |TAMS 0x0000000702e00000, 0x0000000702e00000| Untracked 
|  13|0x0000000703000000, 0x0000000703000000, 0x0000000703200000|  0%| F|  |TAMS 0x0000000703000000, 0x0000000703000000| Untracked 
|  14|0x0000000703200000, 0x0000000703200000, 0x0000000703400000|  0%| F|  |TAMS 0x0000000703200000, 0x0000000703200000| Untracked 
|  15|0x0000000703400000, 0x0000000703400000, 0x0000000703600000|  0%| F|  |TAMS 0x0000000703400000, 0x0000000703400000| Untracked 
|  16|0x0000000703600000, 0x0000000703600000, 0x0000000703800000|  0%| F|  |TAMS 0x0000000703600000, 0x0000000703600000| Untracked 
|  17|0x0000000703800000, 0x0000000703800000, 0x0000000703a00000|  0%| F|  |TAMS 0x0000000703800000, 0x0000000703800000| Untracked 
|  18|0x0000000703a00000, 0x0000000703a00000, 0x0000000703c00000|  0%| F|  |TAMS 0x0000000703a00000, 0x0000000703a00000| Untracked 
|  19|0x0000000703c00000, 0x0000000703c00000, 0x0000000703e00000|  0%| F|  |TAMS 0x0000000703c00000, 0x0000000703c00000| Untracked 
|  20|0x0000000703e00000, 0x0000000703e00000, 0x0000000704000000|  0%| F|  |TAMS 0x0000000703e00000, 0x0000000703e00000| Untracked 
|  21|0x0000000704000000, 0x0000000704000000, 0x0000000704200000|  0%| F|  |TAMS 0x0000000704000000, 0x0000000704000000| Untracked 
|  22|0x0000000704200000, 0x0000000704200000, 0x0000000704400000|  0%| F|  |TAMS 0x0000000704200000, 0x0000000704200000| Untracked 
|  23|0x0000000704400000, 0x0000000704400000, 0x0000000704600000|  0%| F|  |TAMS 0x0000000704400000, 0x0000000704400000| Untracked 
|  24|0x0000000704600000, 0x0000000704600000, 0x0000000704800000|  0%| F|  |TAMS 0x0000000704600000, 0x0000000704600000| Untracked 
|  25|0x0000000704800000, 0x0000000704800000, 0x0000000704a00000|  0%| F|  |TAMS 0x0000000704800000, 0x0000000704800000| Untracked 
|  26|0x0000000704a00000, 0x0000000704a00000, 0x0000000704c00000|  0%| F|  |TAMS 0x0000000704a00000, 0x0000000704a00000| Untracked 
|  27|0x0000000704c00000, 0x0000000704c00000, 0x0000000704e00000|  0%| F|  |TAMS 0x0000000704c00000, 0x0000000704c00000| Untracked 
|  28|0x0000000704e00000, 0x0000000704e00000, 0x0000000705000000|  0%| F|  |TAMS 0x0000000704e00000, 0x0000000704e00000| Untracked 
|  29|0x0000000705000000, 0x0000000705000000, 0x0000000705200000|  0%| F|  |TAMS 0x0000000705000000, 0x0000000705000000| Untracked 
|  30|0x0000000705200000, 0x0000000705200000, 0x0000000705400000|  0%| F|  |TAMS 0x0000000705200000, 0x0000000705200000| Untracked 
|  31|0x0000000705400000, 0x0000000705400000, 0x0000000705600000|  0%| F|  |TAMS 0x0000000705400000, 0x0000000705400000| Untracked 
|  32|0x0000000705600000, 0x0000000705600000, 0x0000000705800000|  0%| F|  |TAMS 0x0000000705600000, 0x0000000705600000| Untracked 
|  33|0x0000000705800000, 0x0000000705800000, 0x0000000705a00000|  0%| F|  |TAMS 0x0000000705800000, 0x0000000705800000| Untracked 
|  34|0x0000000705a00000, 0x0000000705a00000, 0x0000000705c00000|  0%| F|  |TAMS 0x0000000705a00000, 0x0000000705a00000| Untracked 
|  35|0x0000000705c00000, 0x0000000705c00000, 0x0000000705e00000|  0%| F|  |TAMS 0x0000000705c00000, 0x0000000705c00000| Untracked 
|  36|0x0000000705e00000, 0x0000000705e00000, 0x0000000706000000|  0%| F|  |TAMS 0x0000000705e00000, 0x0000000705e00000| Untracked 
|  37|0x0000000706000000, 0x0000000706000000, 0x0000000706200000|  0%| F|  |TAMS 0x0000000706000000, 0x0000000706000000| Untracked 
|  38|0x0000000706200000, 0x0000000706200000, 0x0000000706400000|  0%| F|  |TAMS 0x0000000706200000, 0x0000000706200000| Untracked 
|  39|0x0000000706400000, 0x0000000706400000, 0x0000000706600000|  0%| F|  |TAMS 0x0000000706400000, 0x0000000706400000| Untracked 
|  40|0x0000000706600000, 0x0000000706600000, 0x0000000706800000|  0%| F|  |TAMS 0x0000000706600000, 0x0000000706600000| Untracked 
|  41|0x0000000706800000, 0x0000000706800000, 0x0000000706a00000|  0%| F|  |TAMS 0x0000000706800000, 0x0000000706800000| Untracked 
|  42|0x0000000706a00000, 0x0000000706a00000, 0x0000000706c00000|  0%| F|  |TAMS 0x0000000706a00000, 0x0000000706a00000| Untracked 
|  43|0x0000000706c00000, 0x0000000706c00000, 0x0000000706e00000|  0%| F|  |TAMS 0x0000000706c00000, 0x0000000706c00000| Untracked 
|  44|0x0000000706e00000, 0x0000000706e00000, 0x0000000707000000|  0%| F|  |TAMS 0x0000000706e00000, 0x0000000706e00000| Untracked 
|  45|0x0000000707000000, 0x0000000707000000, 0x0000000707200000|  0%| F|  |TAMS 0x0000000707000000, 0x0000000707000000| Untracked 
|  46|0x0000000707200000, 0x0000000707200000, 0x0000000707400000|  0%| F|  |TAMS 0x0000000707200000, 0x0000000707200000| Untracked 
|  47|0x0000000707400000, 0x0000000707400000, 0x0000000707600000|  0%| F|  |TAMS 0x0000000707400000, 0x0000000707400000| Untracked 
|  48|0x0000000707600000, 0x0000000707600000, 0x0000000707800000|  0%| F|  |TAMS 0x0000000707600000, 0x0000000707600000| Untracked 
|  49|0x0000000707800000, 0x0000000707800000, 0x0000000707a00000|  0%| F|  |TAMS 0x0000000707800000, 0x0000000707800000| Untracked 
|  50|0x0000000707a00000, 0x0000000707a00000, 0x0000000707c00000|  0%| F|  |TAMS 0x0000000707a00000, 0x0000000707a00000| Untracked 
|  51|0x0000000707c00000, 0x0000000707c00000, 0x0000000707e00000|  0%| F|  |TAMS 0x0000000707c00000, 0x0000000707c00000| Untracked 
|  52|0x0000000707e00000, 0x0000000707e00000, 0x0000000708000000|  0%| F|  |TAMS 0x0000000707e00000, 0x0000000707e00000| Untracked 
|  53|0x0000000708000000, 0x0000000708000000, 0x0000000708200000|  0%| F|  |TAMS 0x0000000708000000, 0x0000000708000000| Untracked 
|  54|0x0000000708200000, 0x0000000708200000, 0x0000000708400000|  0%| F|  |TAMS 0x0000000708200000, 0x0000000708200000| Untracked 
|  55|0x0000000708400000, 0x0000000708400000, 0x0000000708600000|  0%| F|  |TAMS 0x0000000708400000, 0x0000000708400000| Untracked 
|  56|0x0000000708600000, 0x0000000708600000, 0x0000000708800000|  0%| F|  |TAMS 0x0000000708600000, 0x0000000708600000| Untracked 
|  57|0x0000000708800000, 0x0000000708800000, 0x0000000708a00000|  0%| F|  |TAMS 0x0000000708800000, 0x0000000708800000| Untracked 
|  58|0x0000000708a00000, 0x0000000708a00000, 0x0000000708c00000|  0%| F|  |TAMS 0x0000000708a00000, 0x0000000708a00000| Untracked 
|  59|0x0000000708c00000, 0x0000000708c00000, 0x0000000708e00000|  0%| F|  |TAMS 0x0000000708c00000, 0x0000000708c00000| Untracked 
|  60|0x0000000708e00000, 0x0000000708e00000, 0x0000000709000000|  0%| F|  |TAMS 0x0000000708e00000, 0x0000000708e00000| Untracked 
|  61|0x0000000709000000, 0x0000000709000000, 0x0000000709200000|  0%| F|  |TAMS 0x0000000709000000, 0x0000000709000000| Untracked 
|  62|0x0000000709200000, 0x0000000709200000, 0x0000000709400000|  0%| F|  |TAMS 0x0000000709200000, 0x0000000709200000| Untracked 
|  63|0x0000000709400000, 0x0000000709400000, 0x0000000709600000|  0%| F|  |TAMS 0x0000000709400000, 0x0000000709400000| Untracked 
|  64|0x0000000709600000, 0x0000000709600000, 0x0000000709800000|  0%| F|  |TAMS 0x0000000709600000, 0x0000000709600000| Untracked 
|  65|0x0000000709800000, 0x0000000709800000, 0x0000000709a00000|  0%| F|  |TAMS 0x0000000709800000, 0x0000000709800000| Untracked 
|  66|0x0000000709a00000, 0x0000000709a00000, 0x0000000709c00000|  0%| F|  |TAMS 0x0000000709a00000, 0x0000000709a00000| Untracked 
|  67|0x0000000709c00000, 0x0000000709c00000, 0x0000000709e00000|  0%| F|  |TAMS 0x0000000709c00000, 0x0000000709c00000| Untracked 
|  68|0x0000000709e00000, 0x0000000709e00000, 0x000000070a000000|  0%| F|  |TAMS 0x0000000709e00000, 0x0000000709e00000| Untracked 
|  69|0x000000070a000000, 0x000000070a000000, 0x000000070a200000|  0%| F|  |TAMS 0x000000070a000000, 0x000000070a000000| Untracked 
|  70|0x000000070a200000, 0x000000070a200000, 0x000000070a400000|  0%| F|  |TAMS 0x000000070a200000, 0x000000070a200000| Untracked 
|  71|0x000000070a400000, 0x000000070a400000, 0x000000070a600000|  0%| F|  |TAMS 0x000000070a400000, 0x000000070a400000| Untracked 
|  72|0x000000070a600000, 0x000000070a600000, 0x000000070a800000|  0%| F|  |TAMS 0x000000070a600000, 0x000000070a600000| Untracked 
|  73|0x000000070a800000, 0x000000070a800000, 0x000000070aa00000|  0%| F|  |TAMS 0x000000070a800000, 0x000000070a800000| Untracked 
|  74|0x000000070aa00000, 0x000000070aa00000, 0x000000070ac00000|  0%| F|  |TAMS 0x000000070aa00000, 0x000000070aa00000| Untracked 
|  75|0x000000070ac00000, 0x000000070ac00000, 0x000000070ae00000|  0%| F|  |TAMS 0x000000070ac00000, 0x000000070ac00000| Untracked 
|  76|0x000000070ae00000, 0x000000070ae00000, 0x000000070b000000|  0%| F|  |TAMS 0x000000070ae00000, 0x000000070ae00000| Untracked 
|  77|0x000000070b000000, 0x000000070b000000, 0x000000070b200000|  0%| F|  |TAMS 0x000000070b000000, 0x000000070b000000| Untracked 
|  78|0x000000070b200000, 0x000000070b200000, 0x000000070b400000|  0%| F|  |TAMS 0x000000070b200000, 0x000000070b200000| Untracked 
|  79|0x000000070b400000, 0x000000070b400000, 0x000000070b600000|  0%| F|  |TAMS 0x000000070b400000, 0x000000070b400000| Untracked 
|  80|0x000000070b600000, 0x000000070b600000, 0x000000070b800000|  0%| F|  |TAMS 0x000000070b600000, 0x000000070b600000| Untracked 
|  81|0x000000070b800000, 0x000000070b800000, 0x000000070ba00000|  0%| F|  |TAMS 0x000000070b800000, 0x000000070b800000| Untracked 
|  82|0x000000070ba00000, 0x000000070ba00000, 0x000000070bc00000|  0%| F|  |TAMS 0x000000070ba00000, 0x000000070ba00000| Untracked 
|  83|0x000000070bc00000, 0x000000070bc00000, 0x000000070be00000|  0%| F|  |TAMS 0x000000070bc00000, 0x000000070bc00000| Untracked 
|  84|0x000000070be00000, 0x000000070be00000, 0x000000070c000000|  0%| F|  |TAMS 0x000000070be00000, 0x000000070be00000| Untracked 
|  85|0x000000070c000000, 0x000000070c000000, 0x000000070c200000|  0%| F|  |TAMS 0x000000070c000000, 0x000000070c000000| Untracked 
|  86|0x000000070c200000, 0x000000070c200000, 0x000000070c400000|  0%| F|  |TAMS 0x000000070c200000, 0x000000070c200000| Untracked 
|  87|0x000000070c400000, 0x000000070c400000, 0x000000070c600000|  0%| F|  |TAMS 0x000000070c400000, 0x000000070c400000| Untracked 
|  88|0x000000070c600000, 0x000000070c600000, 0x000000070c800000|  0%| F|  |TAMS 0x000000070c600000, 0x000000070c600000| Untracked 
|  89|0x000000070c800000, 0x000000070c800000, 0x000000070ca00000|  0%| F|  |TAMS 0x000000070c800000, 0x000000070c800000| Untracked 
|  90|0x000000070ca00000, 0x000000070ca00000, 0x000000070cc00000|  0%| F|  |TAMS 0x000000070ca00000, 0x000000070ca00000| Untracked 
|  91|0x000000070cc00000, 0x000000070cc00000, 0x000000070ce00000|  0%| F|  |TAMS 0x000000070cc00000, 0x000000070cc00000| Untracked 
|  92|0x000000070ce00000, 0x000000070ce00000, 0x000000070d000000|  0%| F|  |TAMS 0x000000070ce00000, 0x000000070ce00000| Untracked 
|  93|0x000000070d000000, 0x000000070d000000, 0x000000070d200000|  0%| F|  |TAMS 0x000000070d000000, 0x000000070d000000| Untracked 
|  94|0x000000070d200000, 0x000000070d200000, 0x000000070d400000|  0%| F|  |TAMS 0x000000070d200000, 0x000000070d200000| Untracked 
|  95|0x000000070d400000, 0x000000070d400000, 0x000000070d600000|  0%| F|  |TAMS 0x000000070d400000, 0x000000070d400000| Untracked 
|  96|0x000000070d600000, 0x000000070d600000, 0x000000070d800000|  0%| F|  |TAMS 0x000000070d600000, 0x000000070d600000| Untracked 
|  97|0x000000070d800000, 0x000000070d800000, 0x000000070da00000|  0%| F|  |TAMS 0x000000070d800000, 0x000000070d800000| Untracked 
|  98|0x000000070da00000, 0x000000070da00000, 0x000000070dc00000|  0%| F|  |TAMS 0x000000070da00000, 0x000000070da00000| Untracked 
|  99|0x000000070dc00000, 0x000000070dc00000, 0x000000070de00000|  0%| F|  |TAMS 0x000000070dc00000, 0x000000070dc00000| Untracked 
| 100|0x000000070de00000, 0x000000070de00000, 0x000000070e000000|  0%| F|  |TAMS 0x000000070de00000, 0x000000070de00000| Untracked 
| 101|0x000000070e000000, 0x000000070e000000, 0x000000070e200000|  0%| F|  |TAMS 0x000000070e000000, 0x000000070e000000| Untracked 
| 102|0x000000070e200000, 0x000000070e200000, 0x000000070e400000|  0%| F|  |TAMS 0x000000070e200000, 0x000000070e200000| Untracked 
| 103|0x000000070e400000, 0x000000070e400000, 0x000000070e600000|  0%| F|  |TAMS 0x000000070e400000, 0x000000070e400000| Untracked 
| 104|0x000000070e600000, 0x000000070e600000, 0x000000070e800000|  0%| F|  |TAMS 0x000000070e600000, 0x000000070e600000| Untracked 
| 105|0x000000070e800000, 0x000000070e800000, 0x000000070ea00000|  0%| F|  |TAMS 0x000000070e800000, 0x000000070e800000| Untracked 
| 106|0x000000070ea00000, 0x000000070ea00000, 0x000000070ec00000|  0%| F|  |TAMS 0x000000070ea00000, 0x000000070ea00000| Untracked 
| 107|0x000000070ec00000, 0x000000070ec00000, 0x000000070ee00000|  0%| F|  |TAMS 0x000000070ec00000, 0x000000070ec00000| Untracked 
| 108|0x000000070ee00000, 0x000000070ee00000, 0x000000070f000000|  0%| F|  |TAMS 0x000000070ee00000, 0x000000070ee00000| Untracked 
| 109|0x000000070f000000, 0x000000070f000000, 0x000000070f200000|  0%| F|  |TAMS 0x000000070f000000, 0x000000070f000000| Untracked 
| 110|0x000000070f200000, 0x000000070f200000, 0x000000070f400000|  0%| F|  |TAMS 0x000000070f200000, 0x000000070f200000| Untracked 
| 111|0x000000070f400000, 0x000000070f400000, 0x000000070f600000|  0%| F|  |TAMS 0x000000070f400000, 0x000000070f400000| Untracked 
| 112|0x000000070f600000, 0x000000070f600000, 0x000000070f800000|  0%| F|  |TAMS 0x000000070f600000, 0x000000070f600000| Untracked 
| 113|0x000000070f800000, 0x000000070f800000, 0x000000070fa00000|  0%| F|  |TAMS 0x000000070f800000, 0x000000070f800000| Untracked 
| 114|0x000000070fa00000, 0x000000070fa00000, 0x000000070fc00000|  0%| F|  |TAMS 0x000000070fa00000, 0x000000070fa00000| Untracked 
| 115|0x000000070fc00000, 0x000000070fc00000, 0x000000070fe00000|  0%| F|  |TAMS 0x000000070fc00000, 0x000000070fc00000| Untracked 
| 116|0x000000070fe00000, 0x000000070fe00000, 0x0000000710000000|  0%| F|  |TAMS 0x000000070fe00000, 0x000000070fe00000| Untracked 
| 117|0x0000000710000000, 0x0000000710000000, 0x0000000710200000|  0%| F|  |TAMS 0x0000000710000000, 0x0000000710000000| Untracked 
| 118|0x0000000710200000, 0x0000000710200000, 0x0000000710400000|  0%| F|  |TAMS 0x0000000710200000, 0x0000000710200000| Untracked 
| 119|0x0000000710400000, 0x0000000710400000, 0x0000000710600000|  0%| F|  |TAMS 0x0000000710400000, 0x0000000710400000| Untracked 
| 120|0x0000000710600000, 0x0000000710600000, 0x0000000710800000|  0%| F|  |TAMS 0x0000000710600000, 0x0000000710600000| Untracked 
| 121|0x0000000710800000, 0x0000000710800000, 0x0000000710a00000|  0%| F|  |TAMS 0x0000000710800000, 0x0000000710800000| Untracked 
| 122|0x0000000710a00000, 0x0000000710a00000, 0x0000000710c00000|  0%| F|  |TAMS 0x0000000710a00000, 0x0000000710a00000| Untracked 
| 123|0x0000000710c00000, 0x0000000710c00000, 0x0000000710e00000|  0%| F|  |TAMS 0x0000000710c00000, 0x0000000710c00000| Untracked 
| 124|0x0000000710e00000, 0x0000000710e00000, 0x0000000711000000|  0%| F|  |TAMS 0x0000000710e00000, 0x0000000710e00000| Untracked 
| 125|0x0000000711000000, 0x0000000711000000, 0x0000000711200000|  0%| F|  |TAMS 0x0000000711000000, 0x0000000711000000| Untracked 
| 126|0x0000000711200000, 0x0000000711271258, 0x0000000711400000| 22%| E|  |TAMS 0x0000000711200000, 0x0000000711200000| Complete 
| 127|0x0000000711400000, 0x0000000711600000, 0x0000000711600000|100%| E|CS|TAMS 0x0000000711400000, 0x0000000711400000| Complete 

Card table byte_map: [0x00000168dbf10000,0x00000168dc710000] _byte_map_base: 0x00000168d8705000

Marking Bits (Prev, Next): (CMBitMap*) 0x00000168c4c2f440, (CMBitMap*) 0x00000168c4c2f480
 Prev Bits: [0x00000168dcf10000, 0x00000168e0eb8000)
 Next Bits: [0x00000168e0ec0000, 0x00000168e4e68000)

Polling page: 0x00000168c2b30000

Metaspace:

Usage:
  Non-class:    309.62 KB used.
      Class:     13.89 KB used.
       Both:    323.52 KB used.

Virtual space:
  Non-class space:        8.00 MB reserved,     384.00 KB (  5%) committed,  1 nodes.
      Class space:        1.00 GB reserved,     128.00 KB ( <1%) committed,  1 nodes.
             Both:        1.01 GB reserved,     512.00 KB ( <1%) committed. 

Chunk freelists:
   Non-Class:  4.00 MB
       Class:  3.75 MB
        Both:  7.75 MB

MaxMetaspaceSize: unlimited
CompressedClassSpaceSize: 1.00 GB
Initial GC threshold: 21.00 MB
Current GC threshold: 21.00 MB
CDS: on
MetaspaceReclaimPolicy: balanced
 - commit_granule_bytes: 65536.
 - commit_granule_words: 8192.
 - virtual_space_node_default_size: 1048576.
 - enlarge_chunks_in_place: 1.
 - new_chunks_are_fully_committed: 0.
 - uncommit_free_chunks: 1.
 - use_allocation_guard: 0.
 - handle_deallocations: 1.


Internal statistics:

num_allocs_failed_limit: 0.
num_arena_births: 4.
num_arena_deaths: 0.
num_vsnodes_births: 2.
num_vsnodes_deaths: 0.
num_space_committed: 8.
num_space_uncommitted: 0.
num_chunks_returned_to_freelist: 0.
num_chunks_taken_from_freelist: 5.
num_chunk_merges: 0.
num_chunk_splits: 2.
num_chunks_enlarged: 1.
num_purges: 0.
num_inconsistent_stats: 0.

CodeHeap 'non-profiled nmethods': size=120000Kb used=56Kb max_used=56Kb free=119943Kb
 bounds [0x00000168d3eb0000, 0x00000168d4120000, 0x00000168db3e0000]
CodeHeap 'profiled nmethods': size=120000Kb used=214Kb max_used=214Kb free=119785Kb
 bounds [0x00000168cc980000, 0x00000168ccbf0000, 0x00000168d3eb0000]
CodeHeap 'non-nmethods': size=5760Kb used=1093Kb max_used=1108Kb free=4666Kb
 bounds [0x00000168cc3e0000, 0x00000168cc650000, 0x00000168cc980000]
 total_blobs=551 nmethods=184 adapters=281
 compilation: enabled
              stopped_count=0, restarted_count=0
 full_count=0

Compilation events (20 events):
Event: 0.107 Thread 0x00000168e78b0fe0 nmethod 175 0x00000168cc9b0490 code [0x00000168cc9b0800, 0x00000168cc9b1bc8]
Event: 0.107 Thread 0x00000168e78b0fe0  176       3       java.util.zip.ZipUtils::CENSIG (8 bytes)
Event: 0.107 Thread 0x00000168e78b0fe0 nmethod 176 0x00000168cc9b2710 code [0x00000168cc9b28c0, 0x00000168cc9b2b98]
Event: 0.107 Thread 0x00000168e78b0fe0  177       3       java.util.zip.ZipUtils::CENHOW (9 bytes)
Event: 0.107 Thread 0x00000168e78b0fe0 nmethod 177 0x00000168cc9b2d10 code [0x00000168cc9b2ea0, 0x00000168cc9b3058]
Event: 0.107 Thread 0x00000168e78b0fe0  178       3       java.util.zip.ZipUtils::CENFLG (9 bytes)
Event: 0.107 Thread 0x00000168e78b0fe0 nmethod 178 0x00000168cc9b3190 code [0x00000168cc9b3320, 0x00000168cc9b34d8]
Event: 0.107 Thread 0x00000168e78b0fe0  179       3       java.util.zip.ZipUtils::CENNAM (9 bytes)
Event: 0.107 Thread 0x00000168e78b0fe0 nmethod 179 0x00000168cc9b3610 code [0x00000168cc9b37a0, 0x00000168cc9b3958]
Event: 0.107 Thread 0x00000168e78b0fe0  180       3       java.util.zip.ZipFile$Source::zipCoderForPos (39 bytes)
Event: 0.107 Thread 0x00000168e78b0fe0 nmethod 180 0x00000168cc9b3a90 code [0x00000168cc9b3c60, 0x00000168cc9b4068]
Event: 0.107 Thread 0x00000168e78b0fe0  181       3       java.util.zip.ZipFile$Source::isMetaName (141 bytes)
Event: 0.108 Thread 0x00000168e78b0fe0 nmethod 181 0x00000168cc9b4210 code [0x00000168cc9b43c0, 0x00000168cc9b48d8]
Event: 0.108 Thread 0x00000168e78b0fe0  182       3       java.util.zip.ZipFile$Source::nextEntryPos (22 bytes)
Event: 0.108 Thread 0x00000168e78b0fe0 nmethod 182 0x00000168cc9b4a90 code [0x00000168cc9b4c40, 0x00000168cc9b4f78]
Event: 0.108 Thread 0x00000168e78b0fe0  183       3       java.util.zip.ZipUtils::CENCOM (9 bytes)
Event: 0.108 Thread 0x00000168e78b0fe0 nmethod 183 0x00000168cc9b5110 code [0x00000168cc9b52a0, 0x00000168cc9b5458]
Event: 0.108 Thread 0x00000168e78b0fe0  184       3       java.util.zip.ZipUtils::CENEXT (9 bytes)
Event: 0.108 Thread 0x00000168e78b0fe0 nmethod 184 0x00000168cc9b5590 code [0x00000168cc9b5720, 0x00000168cc9b58d8]
Event: 0.110 Thread 0x00000168e78b0ad0 nmethod 185 0x00000168d3ebdd10 code [0x00000168d3ebdea0, 0x00000168d3ebe1d8]

GC Heap History (0 events):
No events

Deoptimization events (0 events):
No events

Classes unloaded (0 events):
No events

Classes redefined (0 events):
No events

Internal exceptions (0 events):
No events

VM Operations (2 events):
Event: 0.073 Executing VM operation: HandshakeAllThreads
Event: 0.073 Executing VM operation: HandshakeAllThreads done

Events (20 events):
Event: 0.036 Thread 0x00000168e78b0fe0 Thread added: 0x00000168e78b0fe0
Event: 0.036 Thread 0x00000168e78b20c0 Thread added: 0x00000168e78b20c0
Event: 0.063 Thread 0x00000168e787fca0 Thread added: 0x00000168e787fca0
Event: 0.090 Loaded shared library C:\Users\nm86n\Documents\Software\Java\OpenJDK\jdk-17.0.1\bin\zip.dll
Event: 0.091 loading class sun/instrument/InstrumentationImpl
Event: 0.091 loading class java/lang/instrument/Instrumentation
Event: 0.091 loading class java/lang/instrument/Instrumentation done
Event: 0.091 loading class sun/instrument/InstrumentationImpl done
Event: 0.092 Loaded shared library C:\Users\nm86n\Documents\Software\Java\OpenJDK\jdk-17.0.1\bin\instrument.dll
Event: 0.092 loading class sun/instrument/TransformerManager
Event: 0.092 loading class sun/instrument/TransformerManager done
Event: 0.092 loading class sun/instrument/TransformerManager$TransformerInfo
Event: 0.093 loading class sun/instrument/TransformerManager$TransformerInfo done
Event: 0.093 loading class jdk/internal/loader/URLClassPath$FileLoader
Event: 0.093 loading class jdk/internal/loader/URLClassPath$FileLoader done
Event: 0.093 loading class sun/nio/cs/UTF_8$Decoder
Event: 0.093 loading class sun/nio/cs/UTF_8$Decoder done
Event: 0.101 Loaded shared library C:\Users\nm86n\Documents\Software\Java\OpenJDK\jdk-17.0.1\bin\net.dll
Event: 0.103 Loaded shared library C:\Users\nm86n\Documents\Software\Java\OpenJDK\jdk-17.0.1\bin\nio.dll
Event: 0.109 Loaded shared library C:\Users\nm86n\Documents\Software\Java\OpenJDK\jdk-17.0.1\bin\zip.dll


Dynamic libraries:
0x00007ff6960b0000 - 0x00007ff6960be000 	C:\Users\nm86n\Documents\Software\Java\OpenJDK\jdk-17.0.1\bin\java.exe
0x00007ffaa3af0000 - 0x00007ffaa3ce7000 	C:\WINDOWS\SYSTEM32\ntdll.dll
0x00007ffaa2480000 - 0x00007ffaa253d000 	C:\WINDOWS\System32\KERNEL32.DLL
0x00007ffaa12e0000 - 0x00007ffaa15ad000 	C:\WINDOWS\System32\KERNELBASE.dll
0x00007ffaa1990000 - 0x00007ffaa1a90000 	C:\WINDOWS\System32\ucrtbase.dll
0x00007ffa9cdc0000 - 0x00007ffa9cdd8000 	C:\Users\nm86n\Documents\Software\Java\OpenJDK\jdk-17.0.1\bin\jli.dll
0x00007ffa9cda0000 - 0x00007ffa9cdba000 	C:\Users\nm86n\Documents\Software\Java\OpenJDK\jdk-17.0.1\bin\VCRUNTIME140.dll
0x00007ffaa22e0000 - 0x00007ffaa2480000 	C:\WINDOWS\System32\USER32.dll
0x00007ffa91fd0000 - 0x00007ffa9226a000 	C:\WINDOWS\WinSxS\amd64_microsoft.windows.common-controls_6595b64144ccf1df_6.0.19041.1110_none_60b5254171f9507e\COMCTL32.dll
0x00007ffaa1a90000 - 0x00007ffaa1ab2000 	C:\WINDOWS\System32\win32u.dll
0x00007ffaa2ed0000 - 0x00007ffaa2efa000 	C:\WINDOWS\System32\GDI32.dll
0x00007ffaa1b50000 - 0x00007ffaa1bee000 	C:\WINDOWS\System32\msvcrt.dll
0x00007ffaa1710000 - 0x00007ffaa181b000 	C:\WINDOWS\System32\gdi32full.dll
0x00007ffaa1210000 - 0x00007ffaa12ad000 	C:\WINDOWS\System32\msvcp_win.dll
0x00007ffaa1bf0000 - 0x00007ffaa1c20000 	C:\WINDOWS\System32\IMM32.DLL
0x00007ffa9ea20000 - 0x00007ffa9ea2c000 	C:\Users\nm86n\Documents\Software\Java\OpenJDK\jdk-17.0.1\bin\vcruntime140_1.dll
0x00007ffa95b70000 - 0x00007ffa95bfd000 	C:\Users\nm86n\Documents\Software\Java\OpenJDK\jdk-17.0.1\bin\msvcp140.dll
0x00007ffa533f0000 - 0x00007ffa53fae000 	C:\Users\nm86n\Documents\Software\Java\OpenJDK\jdk-17.0.1\bin\server\jvm.dll
0x00007ffaa37a0000 - 0x00007ffaa384e000 	C:\WINDOWS\System32\ADVAPI32.dll
0x00007ffaa2540000 - 0x00007ffaa25dc000 	C:\WINDOWS\System32\sechost.dll
0x00007ffaa3850000 - 0x00007ffaa3975000 	C:\WINDOWS\System32\RPCRT4.dll
0x00007ffaa2190000 - 0x00007ffaa2198000 	C:\WINDOWS\System32\PSAPI.DLL
0x00007ffa904b0000 - 0x00007ffa904b9000 	C:\WINDOWS\SYSTEM32\WSOCK32.dll
0x00007ffa90480000 - 0x00007ffa904a7000 	C:\WINDOWS\SYSTEM32\WINMM.dll
0x00007ffa95560000 - 0x00007ffa9556a000 	C:\WINDOWS\SYSTEM32\VERSION.dll
0x00007ffaa2640000 - 0x00007ffaa26ab000 	C:\WINDOWS\System32\WS2_32.dll
0x00007ffa9f130000 - 0x00007ffa9f142000 	C:\WINDOWS\SYSTEM32\kernel.appcore.dll
0x00007ffa9dd00000 - 0x00007ffa9dd0a000 	C:\Users\nm86n\Documents\Software\Java\OpenJDK\jdk-17.0.1\bin\jimage.dll
0x00007ffa93030000 - 0x00007ffa93214000 	C:\WINDOWS\SYSTEM32\DBGHELP.DLL
0x00007ffa932c0000 - 0x00007ffa932ec000 	C:\WINDOWS\SYSTEM32\dbgcore.DLL
0x00007ffaa1ac0000 - 0x00007ffaa1b42000 	C:\WINDOWS\System32\bcryptPrimitives.dll
0x00007ffa95c60000 - 0x00007ffa95c6e000 	C:\Users\nm86n\Documents\Software\Java\OpenJDK\jdk-17.0.1\bin\instrument.dll
0x00007ffa9cd50000 - 0x00007ffa9cd75000 	C:\Users\nm86n\Documents\Software\Java\OpenJDK\jdk-17.0.1\bin\java.dll
0x00007ffa93e20000 - 0x00007ffa93ef6000 	C:\Users\nm86n\Documents\Software\Java\OpenJDK\jdk-17.0.1\bin\svml.dll
0x00007ffaa2780000 - 0x00007ffaa2ec4000 	C:\WINDOWS\System32\SHELL32.dll
0x00007ffa9f330000 - 0x00007ffa9fac4000 	C:\WINDOWS\SYSTEM32\windows.storage.dll
0x00007ffaa3020000 - 0x00007ffaa3374000 	C:\WINDOWS\System32\combase.dll
0x00007ffaa0c70000 - 0x00007ffaa0c9c000 	C:\WINDOWS\SYSTEM32\Wldp.dll
0x00007ffaa26d0000 - 0x00007ffaa277d000 	C:\WINDOWS\System32\SHCORE.dll
0x00007ffaa25e0000 - 0x00007ffaa2635000 	C:\WINDOWS\System32\shlwapi.dll
0x00007ffaa1150000 - 0x00007ffaa116f000 	C:\WINDOWS\SYSTEM32\profapi.dll
0x00007ffa95a30000 - 0x00007ffa95a48000 	C:\Users\nm86n\Documents\Software\Java\OpenJDK\jdk-17.0.1\bin\zip.dll
0x00007ffa95a70000 - 0x00007ffa95a89000 	C:\Users\nm86n\Documents\Software\Java\OpenJDK\jdk-17.0.1\bin\net.dll
0x00007ffa9a0d0000 - 0x00007ffa9a1da000 	C:\WINDOWS\SYSTEM32\WINHTTP.dll
0x00007ffaa09d0000 - 0x00007ffaa0a3a000 	C:\WINDOWS\system32\mswsock.dll
0x00007ffa95a50000 - 0x00007ffa95a65000 	C:\Users\nm86n\Documents\Software\Java\OpenJDK\jdk-17.0.1\bin\nio.dll

dbghelp: loaded successfully - version: 4.0.5 - missing functions: none
symbol engine: initialized successfully - sym options: 0x614 - pdb path: .;C:\Users\nm86n\Documents\Software\Java\OpenJDK\jdk-17.0.1\bin;C:\WINDOWS\SYSTEM32;C:\WINDOWS\WinSxS\amd64_microsoft.windows.common-controls_6595b64144ccf1df_6.0.19041.1110_none_60b5254171f9507e;C:\Users\nm86n\Documents\Software\Java\OpenJDK\jdk-17.0.1\bin\server

VM Arguments:
jvm_args: -javaagent:C:\Program Files\JetBrains\IntelliJ IDEA 2020.3.4\lib\idea_rt.jar=50867:C:\Program Files\JetBrains\IntelliJ IDEA 2020.3.4\bin -Dfile.encoding=UTF-8 
java_command: JSONModifier
java_class_path (initial): C:\Users\nm86n\Documents\Programming\Java\Intellij Projects\jsonmodifier\out\production\jsonmodifier;C:\Program Files\JetBrains\IntelliJ IDEA 2020.3.4\plugins\Kotlin\kotlinc\lib\kotlin-stdlib.jar;C:\Program Files\JetBrains\IntelliJ IDEA 2020.3.4\plugins\Kotlin\kotlinc\lib\kotlin-reflect.jar;C:\Program Files\JetBrains\IntelliJ IDEA 2020.3.4\plugins\Kotlin\kotlinc\lib\kotlin-test.jar
Launcher Type: SUN_STANDARD

[Global flags]
     intx CICompilerCount                          = 4                                         {product} {ergonomic}
     uint ConcGCThreads                            = 2                                         {product} {ergonomic}
     uint G1ConcRefinementThreads                  = 8                                         {product} {ergonomic}
   size_t G1HeapRegionSize                         = 2097152                                   {product} {ergonomic}
    uintx GCDrainStackTargetSize                   = 64                                        {product} {ergonomic}
   size_t InitialHeapSize                          = 268435456                                 {product} {ergonomic}
   size_t MarkStackSize                            = 4194304                                   {product} {ergonomic}
   size_t MaxHeapSize                              = 4271898624                                {product} {ergonomic}
   size_t MaxNewSize                               = 2562719744                                {product} {ergonomic}
   size_t MinHeapDeltaBytes                        = 2097152                                   {product} {ergonomic}
   size_t MinHeapSize                              = 8388608                                   {product} {ergonomic}
    uintx NonNMethodCodeHeapSize                   = 5839372                                {pd product} {ergonomic}
    uintx NonProfiledCodeHeapSize                  = 122909434                              {pd product} {ergonomic}
    uintx ProfiledCodeHeapSize                     = 122909434                              {pd product} {ergonomic}
    uintx ReservedCodeCacheSize                    = 251658240                              {pd product} {ergonomic}
     bool SegmentedCodeCache                       = true                                      {product} {ergonomic}
   size_t SoftMaxHeapSize                          = 4271898624                             {manageable} {ergonomic}
     bool UseCompressedClassPointers               = true                           {product lp64_product} {ergonomic}
     bool UseCompressedOops                        = true                           {product lp64_product} {ergonomic}
     bool UseG1GC                                  = true                                      {product} {ergonomic}
     bool UseLargePagesIndividualAllocation        = false                                  {pd product} {ergonomic}

Logging:
Log output configuration:
 #0: stdout all=warning uptime,level,tags
 #1: stderr all=off uptime,level,tags

Environment Variables:
JAVA_HOME=C:\Users\nm86n\Documents\Software\Java\OpenJDK\jdk-17.0.1
PATH=C:\WINDOWS\system32;C:\WINDOWS;C:\WINDOWS\System32\Wbem;C:\WINDOWS\System32\WindowsPowerShell\v1.0\;C:\WINDOWS\System32\OpenSSH\;C:\Program Files (x86)\Brackets\command;C:\Program Files\Git\cmd;C:\Program Files\PostgreSQL\14\bin;C:\Users\nm86n\AppData\Local\Microsoft\WindowsApps;C:\Users\nm86n\AppData\Local\atom\bin;C:\Users\nm86n\AppData\Local\Microsoft\WindowsApps;C:\Users\nm86n\AppData\Local\Programs\Microsoft VS Code\bin;C:\Users\nm86n\Documents\Software\Flutter\flutter\bin;
USERNAME=nm86n
OS=Windows_NT
PROCESSOR_IDENTIFIER=AMD64 Family 21 Model 2 Stepping 0, AuthenticAMD



---------------  S Y S T E M  ---------------

OS:
 Windows 10 , 64 bit Build 19041 (10.0.19041.1741)
OS uptime: 0 days 1:33 hours

CPU: total 8 (initial active 8) (8 cores per cpu, 1 threads per core) family 21 model 2 stepping 0 microcode 0x0, cx8, cmov, fxsr, mmx, 3dnowpref, sse, sse2, sse3, ssse3, sse4a, sse4.1, sse4.2, popcnt, lzcnt, tsc, tscinvbit, avx, aes, clmul, bmi1, fma, vzeroupper, clflush

Memory: 4k page, system-wide physical 16289M (9386M free)
TotalPageFile size 18721M (AvailPageFile size 11218M)
current process WorkingSet (physical memory assigned to process): 32M, peak: 32M
current process commit charge ("private bytes"): 344M, peak: 344M

vm_info: OpenJDK 64-Bit Server VM (17.0.1+12-39) for windows-amd64 JRE (17.0.1+12-39), built on Sep 27 2021 18:39:29 by "mach5one" with MS VC++ 16.8 (VS2019)

END.
